\BOOKMARK [0][-]{chapter.1}{\376\377\0001\000\040\000N\000a\000m\000e\000s\000p\000a\000c\000e\000\040\000I\000n\000d\000e\000x}{}% 1
\BOOKMARK [1][-]{section.1.1}{\376\377\0001\000.\0001\000\040\000N\000a\000m\000e\000s\000p\000a\000c\000e\000\040\000L\000i\000s\000t}{chapter.1}% 2
\BOOKMARK [0][-]{chapter.2}{\376\377\0002\000\040\000C\000l\000a\000s\000s\000\040\000I\000n\000d\000e\000x}{}% 3
\BOOKMARK [1][-]{section.2.1}{\376\377\0002\000.\0001\000\040\000C\000l\000a\000s\000s\000\040\000L\000i\000s\000t}{chapter.2}% 4
\BOOKMARK [0][-]{chapter.3}{\376\377\0003\000\040\000F\000i\000l\000e\000\040\000I\000n\000d\000e\000x}{}% 5
\BOOKMARK [1][-]{section.3.1}{\376\377\0003\000.\0001\000\040\000F\000i\000l\000e\000\040\000L\000i\000s\000t}{chapter.3}% 6
\BOOKMARK [0][-]{chapter.4}{\376\377\0004\000\040\000N\000a\000m\000e\000s\000p\000a\000c\000e\000\040\000D\000o\000c\000u\000m\000e\000n\000t\000a\000t\000i\000o\000n}{}% 7
\BOOKMARK [1][-]{section.4.1}{\376\377\0004\000.\0001\000\040\000c\000o\000m\000m\000o\000n\000\040\000N\000a\000m\000e\000s\000p\000a\000c\000e\000\040\000R\000e\000f\000e\000r\000e\000n\000c\000e}{chapter.4}% 8
\BOOKMARK [2][-]{subsection.4.1.1}{\376\377\0004\000.\0001\000.\0001\000\040\000D\000e\000t\000a\000i\000l\000e\000d\000\040\000D\000e\000s\000c\000r\000i\000p\000t\000i\000o\000n}{section.4.1}% 9
\BOOKMARK [2][-]{subsection.4.1.2}{\376\377\0004\000.\0001\000.\0002\000\040\000F\000u\000n\000c\000t\000i\000o\000n\000\040\000D\000o\000c\000u\000m\000e\000n\000t\000a\000t\000i\000o\000n}{section.4.1}% 10
\BOOKMARK [3][-]{subsubsection.4.1.2.1}{\376\377\0004\000.\0001\000.\0002\000.\0001\000\040\000c\000r\000e\000a\000t\000e\000\137\000f\000i\000f\000o\000\050\000\051}{subsection.4.1.2}% 11
\BOOKMARK [3][-]{subsubsection.4.1.2.2}{\376\377\0004\000.\0001\000.\0002\000.\0002\000\040\000g\000r\000a\000c\000e\000f\000u\000l\000\137\000s\000h\000u\000t\000d\000o\000w\000n\000\050\000\051}{subsection.4.1.2}% 12
\BOOKMARK [3][-]{subsubsection.4.1.2.3}{\376\377\0004\000.\0001\000.\0002\000.\0003\000\040\000l\000o\000a\000d\000\137\000c\000o\000n\000f\000i\000g\000\050\000\051}{subsection.4.1.2}% 13
\BOOKMARK [3][-]{subsubsection.4.1.2.4}{\376\377\0004\000.\0001\000.\0002\000.\0004\000\040\000p\000i\000p\000e\000\137\000p\000a\000t\000h\000\050\000\051}{subsection.4.1.2}% 14
\BOOKMARK [3][-]{subsubsection.4.1.2.5}{\376\377\0004\000.\0001\000.\0002\000.\0005\000\040\000r\000e\000a\000d\000\137\000f\000r\000o\000m\000\137\000f\000i\000f\000o\000\050\000\051}{subsection.4.1.2}% 15
\BOOKMARK [3][-]{subsubsection.4.1.2.6}{\376\377\0004\000.\0001\000.\0002\000.\0006\000\040\000r\000e\000m\000o\000v\000e\000\137\000p\000i\000d\000\050\000\051}{subsection.4.1.2}% 16
\BOOKMARK [3][-]{subsubsection.4.1.2.7}{\376\377\0004\000.\0001\000.\0002\000.\0007\000\040\000w\000r\000i\000t\000e\000\137\000p\000i\000d\000\050\000\051}{subsection.4.1.2}% 17
\BOOKMARK [3][-]{subsubsection.4.1.2.8}{\376\377\0004\000.\0001\000.\0002\000.\0008\000\040\000w\000r\000i\000t\000e\000\137\000t\000o\000\137\000f\000i\000f\000o\000\050\000\051}{subsection.4.1.2}% 18
\BOOKMARK [2][-]{subsection.4.1.3}{\376\377\0004\000.\0001\000.\0003\000\040\000V\000a\000r\000i\000a\000b\000l\000e\000\040\000D\000o\000c\000u\000m\000e\000n\000t\000a\000t\000i\000o\000n}{section.4.1}% 19
\BOOKMARK [3][-]{subsubsection.4.1.3.1}{\376\377\0004\000.\0001\000.\0003\000.\0001\000\040\000e\000x\000i\000s\000t\000\137\000o\000k}{subsection.4.1.3}% 20
\BOOKMARK [3][-]{subsubsection.4.1.3.2}{\376\377\0004\000.\0001\000.\0003\000.\0002\000\040\000f\000o\000r\000m\000a\000t}{subsection.4.1.3}% 21
\BOOKMARK [3][-]{subsubsection.4.1.3.3}{\376\377\0004\000.\0001\000.\0003\000.\0003\000\040\000I\000N\000F\000O}{subsection.4.1.3}% 22
\BOOKMARK [3][-]{subsubsection.4.1.3.4}{\376\377\0004\000.\0001\000.\0003\000.\0004\000\040\000l\000e\000v\000e\000l}{subsection.4.1.3}% 23
\BOOKMARK [3][-]{subsubsection.4.1.3.5}{\376\377\0004\000.\0001\000.\0003\000.\0005\000\040\000l\000o\000g}{subsection.4.1.3}% 24
\BOOKMARK [3][-]{subsubsection.4.1.3.6}{\376\377\0004\000.\0001\000.\0003\000.\0006\000\040\000P\000I\000D\000\137\000F\000I\000L\000E}{subsection.4.1.3}% 25
\BOOKMARK [3][-]{subsubsection.4.1.3.7}{\376\377\0004\000.\0001\000.\0003\000.\0007\000\040\000P\000I\000P\000E\000\137\000D\000I\000R}{subsection.4.1.3}% 26
\BOOKMARK [3][-]{subsubsection.4.1.3.8}{\376\377\0004\000.\0001\000.\0003\000.\0008\000\040\000U\000S\000E\000R}{subsection.4.1.3}% 27
\BOOKMARK [1][-]{section.4.2}{\376\377\0004\000.\0002\000\040\000c\000o\000n\000f\000i\000g\000\040\000N\000a\000m\000e\000s\000p\000a\000c\000e\000\040\000R\000e\000f\000e\000r\000e\000n\000c\000e}{chapter.4}% 28
\BOOKMARK [2][-]{subsection.4.2.1}{\376\377\0004\000.\0002\000.\0001\000\040\000V\000a\000r\000i\000a\000b\000l\000e\000\040\000D\000o\000c\000u\000m\000e\000n\000t\000a\000t\000i\000o\000n}{section.4.2}% 29
\BOOKMARK [3][-]{subsubsection.4.2.1.1}{\376\377\0004\000.\0002\000.\0001\000.\0001\000\040\000a\000u\000t\000o\000r\000e\000p\000l\000y}{subsection.4.2.1}% 30
\BOOKMARK [3][-]{subsubsection.4.2.1.2}{\376\377\0004\000.\0002\000.\0001\000.\0002\000\040\000h\000a\000n\000d\000l\000e}{subsection.4.2.1}% 31
\BOOKMARK [3][-]{subsubsection.4.2.1.3}{\376\377\0004\000.\0002\000.\0001\000.\0003\000\040\000i\000m\000a\000g\000e\000p\000a\000t\000h}{subsection.4.2.1}% 32
\BOOKMARK [3][-]{subsubsection.4.2.1.4}{\376\377\0004\000.\0002\000.\0001\000.\0004\000\040\000p\000o\000r\000t}{subsection.4.2.1}% 33
\BOOKMARK [3][-]{subsubsection.4.2.1.5}{\376\377\0004\000.\0002\000.\0001\000.\0005\000\040\000w\000h\000o\000i\000s\000p\000o\000r\000t}{subsection.4.2.1}% 34
\BOOKMARK [1][-]{section.4.3}{\376\377\0004\000.\0003\000\040\000d\000i\000s\000c\000o\000v\000e\000r\000y\000\040\000N\000a\000m\000e\000s\000p\000a\000c\000e\000\040\000R\000e\000f\000e\000r\000e\000n\000c\000e}{chapter.4}% 35
\BOOKMARK [2][-]{subsection.4.3.1}{\376\377\0004\000.\0003\000.\0001\000\040\000D\000e\000t\000a\000i\000l\000e\000d\000\040\000D\000e\000s\000c\000r\000i\000p\000t\000i\000o\000n}{section.4.3}% 36
\BOOKMARK [2][-]{subsection.4.3.2}{\376\377\0004\000.\0003\000.\0002\000\040\000V\000a\000r\000i\000a\000b\000l\000e\000\040\000D\000o\000c\000u\000m\000e\000n\000t\000a\000t\000i\000o\000n}{section.4.3}% 37
\BOOKMARK [3][-]{subsubsection.4.3.2.1}{\376\377\0004\000.\0003\000.\0002\000.\0001\000\040\000d}{subsection.4.3.2}% 38
\BOOKMARK [1][-]{section.4.4}{\376\377\0004\000.\0004\000\040\000n\000e\000t\000w\000o\000r\000k\000\040\000N\000a\000m\000e\000s\000p\000a\000c\000e\000\040\000R\000e\000f\000e\000r\000e\000n\000c\000e}{chapter.4}% 39
\BOOKMARK [2][-]{subsection.4.4.1}{\376\377\0004\000.\0004\000.\0001\000\040\000D\000e\000t\000a\000i\000l\000e\000d\000\040\000D\000e\000s\000c\000r\000i\000p\000t\000i\000o\000n}{section.4.4}% 40
\BOOKMARK [2][-]{subsection.4.4.2}{\376\377\0004\000.\0004\000.\0002\000\040\000F\000u\000n\000c\000t\000i\000o\000n\000\040\000D\000o\000c\000u\000m\000e\000n\000t\000a\000t\000i\000o\000n}{section.4.4}% 41
\BOOKMARK [3][-]{subsubsection.4.4.2.1}{\376\377\0004\000.\0004\000.\0002\000.\0001\000\040\000c\000l\000e\000a\000n\000u\000p\000\137\000a\000n\000d\000\137\000e\000x\000i\000t\000\050\000\051}{subsection.4.4.2}% 42
\BOOKMARK [3][-]{subsubsection.4.4.2.2}{\376\377\0004\000.\0004\000.\0002\000.\0002\000\040\000g\000e\000t\000\137\000o\000w\000n\000\137\000i\000p\000\050\000\051}{subsection.4.4.2}% 43
\BOOKMARK [3][-]{subsubsection.4.4.2.3}{\376\377\0004\000.\0004\000.\0002\000.\0003\000\040\000h\000a\000n\000d\000l\000e\000\137\000c\000o\000m\000m\000a\000n\000d\000s\000\050\000\051}{subsection.4.4.2}% 44
\BOOKMARK [3][-]{subsubsection.4.4.2.4}{\376\377\0004\000.\0004\000.\0002\000.\0004\000\040\000l\000i\000s\000t\000e\000n\000\137\000t\000c\000p\000\050\000\051}{subsection.4.4.2}% 45
\BOOKMARK [3][-]{subsubsection.4.4.2.5}{\376\377\0004\000.\0004\000.\0002\000.\0005\000\040\000r\000e\000c\000e\000i\000v\000e\000\137\000u\000d\000p\000\050\000\051}{subsection.4.4.2}% 46
\BOOKMARK [3][-]{subsubsection.4.4.2.6}{\376\377\0004\000.\0004\000.\0002\000.\0006\000\040\000s\000e\000n\000d\000\137\000i\000m\000g\000\050\000\051}{subsection.4.4.2}% 47
\BOOKMARK [3][-]{subsubsection.4.4.2.7}{\376\377\0004\000.\0004\000.\0002\000.\0007\000\040\000s\000e\000n\000d\000\137\000j\000o\000i\000n\000\050\000\051}{subsection.4.4.2}% 48
\BOOKMARK [3][-]{subsubsection.4.4.2.8}{\376\377\0004\000.\0004\000.\0002\000.\0008\000\040\000s\000e\000n\000d\000\137\000l\000e\000a\000v\000e\000\050\000\051}{subsection.4.4.2}% 49
\BOOKMARK [3][-]{subsubsection.4.4.2.9}{\376\377\0004\000.\0004\000.\0002\000.\0009\000\040\000s\000e\000n\000d\000\137\000m\000s\000g\000\050\000\051}{subsection.4.4.2}% 50
\BOOKMARK [3][-]{subsubsection.4.4.2.10}{\376\377\0004\000.\0004\000.\0002\000.\0001\0000\000\040\000s\000e\000n\000d\000\137\000w\000h\000o\000\050\000\051}{subsection.4.4.2}% 51
\BOOKMARK [3][-]{subsubsection.4.4.2.11}{\376\377\0004\000.\0004\000.\0002\000.\0001\0001\000\040\000s\000e\000n\000d\000\137\000w\000h\000o\000i\000s\000\050\000\051}{subsection.4.4.2}% 52
\BOOKMARK [3][-]{subsubsection.4.4.2.12}{\376\377\0004\000.\0004\000.\0002\000.\0001\0002\000\040\000s\000t\000a\000r\000t\000\137\000n\000e\000t\000w\000o\000r\000k\000\050\000\051}{subsection.4.4.2}% 53
\BOOKMARK [2][-]{subsection.4.4.3}{\376\377\0004\000.\0004\000.\0003\000\040\000V\000a\000r\000i\000a\000b\000l\000e\000\040\000D\000o\000c\000u\000m\000e\000n\000t\000a\000t\000i\000o\000n}{section.4.4}% 54
\BOOKMARK [3][-]{subsubsection.4.4.3.1}{\376\377\0004\000.\0004\000.\0003\000.\0001\000\040\000c\000o\000n\000f\000i\000g}{subsection.4.4.3}% 55
\BOOKMARK [3][-]{subsubsection.4.4.3.2}{\376\377\0004\000.\0004\000.\0003\000.\0002\000\040\000F\000I\000F\000O\000\137\000N\000E\000T\000\137\000T\000O\000\137\000U\000I}{subsection.4.4.3}% 56
\BOOKMARK [3][-]{subsubsection.4.4.3.3}{\376\377\0004\000.\0004\000.\0003\000.\0003\000\040\000F\000I\000F\000O\000\137\000U\000I\000\137\000T\000O\000\137\000N\000E\000T}{subsection.4.4.3}% 57
\BOOKMARK [3][-]{subsubsection.4.4.3.4}{\376\377\0004\000.\0004\000.\0003\000.\0004\000\040\000l\000a\000s\000t\000\137\000p\000e\000e\000r\000s\000\137\000d\000i\000s\000p\000l\000a\000y}{subsection.4.4.3}% 58
\BOOKMARK [3][-]{subsubsection.4.4.3.5}{\376\377\0004\000.\0004\000.\0003\000.\0005\000\040\000l\000e\000f\000t\000\137\000p\000e\000e\000r\000s}{subsection.4.4.3}% 59
\BOOKMARK [3][-]{subsubsection.4.4.3.6}{\376\377\0004\000.\0004\000.\0003\000.\0006\000\040\000p\000e\000e\000r\000\137\000j\000o\000i\000n\000\137\000t\000i\000m\000e}{subsection.4.4.3}% 60
\BOOKMARK [3][-]{subsubsection.4.4.3.7}{\376\377\0004\000.\0004\000.\0003\000.\0007\000\040\000p\000e\000e\000r\000s}{subsection.4.4.3}% 61
\BOOKMARK [3][-]{subsubsection.4.4.3.8}{\376\377\0004\000.\0004\000.\0003\000.\0008\000\040\000r\000u\000n\000n\000i\000n\000g}{subsection.4.4.3}% 62
\BOOKMARK [3][-]{subsubsection.4.4.3.9}{\376\377\0004\000.\0004\000.\0003\000.\0009\000\040\000u\000d\000p\000\137\000s\000o\000c\000k}{subsection.4.4.3}% 63
\BOOKMARK [1][-]{section.4.5}{\376\377\0004\000.\0005\000\040\000p\000e\000e\000r\000\040\000N\000a\000m\000e\000s\000p\000a\000c\000e\000\040\000R\000e\000f\000e\000r\000e\000n\000c\000e}{chapter.4}% 64
\BOOKMARK [2][-]{subsection.4.5.1}{\376\377\0004\000.\0005\000.\0001\000\040\000D\000e\000t\000a\000i\000l\000e\000d\000\040\000D\000e\000s\000c\000r\000i\000p\000t\000i\000o\000n}{section.4.5}% 65
\BOOKMARK [1][-]{section.4.6}{\376\377\0004\000.\0006\000\040\000u\000i\000\040\000N\000a\000m\000e\000s\000p\000a\000c\000e\000\040\000R\000e\000f\000e\000r\000e\000n\000c\000e}{chapter.4}% 66
\BOOKMARK [2][-]{subsection.4.6.1}{\376\377\0004\000.\0006\000.\0001\000\040\000D\000e\000t\000a\000i\000l\000e\000d\000\040\000D\000e\000s\000c\000r\000i\000p\000t\000i\000o\000n}{section.4.6}% 67
\BOOKMARK [2][-]{subsection.4.6.2}{\376\377\0004\000.\0006\000.\0002\000\040\000V\000a\000r\000i\000a\000b\000l\000e\000\040\000D\000o\000c\000u\000m\000e\000n\000t\000a\000t\000i\000o\000n}{section.4.6}% 68
\BOOKMARK [3][-]{subsubsection.4.6.2.1}{\376\377\0004\000.\0006\000.\0002\000.\0001\000\040\000F\000I\000F\000O\000\137\000N\000E\000T\000\137\000T\000O\000\137\000U\000I}{subsection.4.6.2}% 69
\BOOKMARK [3][-]{subsubsection.4.6.2.2}{\376\377\0004\000.\0006\000.\0002\000.\0002\000\040\000F\000I\000F\000O\000\137\000U\000I\000\137\000T\000O\000\137\000N\000E\000T}{subsection.4.6.2}% 70
\BOOKMARK [0][-]{chapter.5}{\376\377\0005\000\040\000C\000l\000a\000s\000s\000\040\000D\000o\000c\000u\000m\000e\000n\000t\000a\000t\000i\000o\000n}{}% 71
\BOOKMARK [1][-]{section.5.1}{\376\377\0005\000.\0001\000\040\000u\000i\000.\000C\000h\000a\000t\000U\000I\000\040\000C\000l\000a\000s\000s\000\040\000R\000e\000f\000e\000r\000e\000n\000c\000e}{chapter.5}% 72
\BOOKMARK [2][-]{subsection.5.1.1}{\376\377\0005\000.\0001\000.\0001\000\040\000D\000e\000t\000a\000i\000l\000e\000d\000\040\000D\000e\000s\000c\000r\000i\000p\000t\000i\000o\000n}{section.5.1}% 73
\BOOKMARK [2][-]{subsection.5.1.2}{\376\377\0005\000.\0001\000.\0002\000\040\000C\000o\000n\000s\000t\000r\000u\000c\000t\000o\000r\000\040\000\046\000\040\000D\000e\000s\000t\000r\000u\000c\000t\000o\000r\000\040\000D\000o\000c\000u\000m\000e\000n\000t\000a\000t\000i\000o\000n}{section.5.1}% 74
\BOOKMARK [3][-]{subsubsection.5.1.2.1}{\376\377\0005\000.\0001\000.\0002\000.\0001\000\040\000\137\000\137\000i\000n\000i\000t\000\137\000\137\000\050\000\051}{subsection.5.1.2}% 75
\BOOKMARK [2][-]{subsection.5.1.3}{\376\377\0005\000.\0001\000.\0003\000\040\000M\000e\000m\000b\000e\000r\000\040\000F\000u\000n\000c\000t\000i\000o\000n\000\040\000D\000o\000c\000u\000m\000e\000n\000t\000a\000t\000i\000o\000n}{section.5.1}% 76
\BOOKMARK [3][-]{subsubsection.5.1.3.1}{\376\377\0005\000.\0001\000.\0003\000.\0001\000\040\000l\000i\000s\000t\000e\000n\000\137\000p\000i\000p\000e\000s\000\050\000\051}{subsection.5.1.3}% 77
\BOOKMARK [3][-]{subsubsection.5.1.3.2}{\376\377\0005\000.\0001\000.\0003\000.\0002\000\040\000s\000t\000a\000r\000t\000\050\000\051}{subsection.5.1.3}% 78
\BOOKMARK [2][-]{subsection.5.1.4}{\376\377\0005\000.\0001\000.\0004\000\040\000M\000e\000m\000b\000e\000r\000\040\000D\000a\000t\000a\000\040\000D\000o\000c\000u\000m\000e\000n\000t\000a\000t\000i\000o\000n}{section.5.1}% 79
\BOOKMARK [3][-]{subsubsection.5.1.4.1}{\376\377\0005\000.\0001\000.\0004\000.\0001\000\040\000c\000o\000n\000f\000i\000g}{subsection.5.1.4}% 80
\BOOKMARK [3][-]{subsubsection.5.1.4.2}{\376\377\0005\000.\0001\000.\0004\000.\0002\000\040\000h\000a\000n\000d\000l\000e}{subsection.5.1.4}% 81
\BOOKMARK [3][-]{subsubsection.5.1.4.3}{\376\377\0005\000.\0001\000.\0004\000.\0003\000\040\000p\000i\000p\000e\000\137\000p\000a\000t\000h}{subsection.5.1.4}% 82
\BOOKMARK [3][-]{subsubsection.5.1.4.4}{\376\377\0005\000.\0001\000.\0004\000.\0004\000\040\000p\000o\000r\000t}{subsection.5.1.4}% 83
\BOOKMARK [1][-]{section.5.2}{\376\377\0005\000.\0002\000\040\000d\000i\000s\000c\000o\000v\000e\000r\000y\000.\000D\000i\000s\000c\000o\000v\000e\000r\000y\000\040\000C\000l\000a\000s\000s\000\040\000R\000e\000f\000e\000r\000e\000n\000c\000e}{chapter.5}% 84
\BOOKMARK [2][-]{subsection.5.2.1}{\376\377\0005\000.\0002\000.\0001\000\040\000D\000e\000t\000a\000i\000l\000e\000d\000\040\000D\000e\000s\000c\000r\000i\000p\000t\000i\000o\000n}{section.5.2}% 85
\BOOKMARK [2][-]{subsection.5.2.2}{\376\377\0005\000.\0002\000.\0002\000\040\000C\000o\000n\000s\000t\000r\000u\000c\000t\000o\000r\000\040\000\046\000\040\000D\000e\000s\000t\000r\000u\000c\000t\000o\000r\000\040\000D\000o\000c\000u\000m\000e\000n\000t\000a\000t\000i\000o\000n}{section.5.2}% 86
\BOOKMARK [3][-]{subsubsection.5.2.2.1}{\376\377\0005\000.\0002\000.\0002\000.\0001\000\040\000\137\000\137\000i\000n\000i\000t\000\137\000\137\000\050\000\051}{subsection.5.2.2}% 87
\BOOKMARK [2][-]{subsection.5.2.3}{\376\377\0005\000.\0002\000.\0003\000\040\000M\000e\000m\000b\000e\000r\000\040\000F\000u\000n\000c\000t\000i\000o\000n\000\040\000D\000o\000c\000u\000m\000e\000n\000t\000a\000t\000i\000o\000n}{section.5.2}% 88
\BOOKMARK [3][-]{subsubsection.5.2.3.1}{\376\377\0005\000.\0002\000.\0003\000.\0001\000\040\000l\000i\000s\000t\000e\000n\000\137\000u\000d\000p\000\137\000a\000l\000l\000\050\000\051}{subsection.5.2.3}% 89
\BOOKMARK [3][-]{subsubsection.5.2.3.2}{\376\377\0005\000.\0002\000.\0003\000.\0002\000\040\000s\000e\000n\000d\000\137\000w\000h\000o\000\050\000\051}{subsection.5.2.3}% 90
\BOOKMARK [3][-]{subsubsection.5.2.3.3}{\376\377\0005\000.\0002\000.\0003\000.\0003\000\040\000s\000h\000u\000t\000d\000o\000w\000n\000\050\000\051}{subsection.5.2.3}% 91
\BOOKMARK [3][-]{subsubsection.5.2.3.4}{\376\377\0005\000.\0002\000.\0003\000.\0004\000\040\000s\000t\000a\000r\000t\000\050\000\051}{subsection.5.2.3}% 92
\BOOKMARK [2][-]{subsection.5.2.4}{\376\377\0005\000.\0002\000.\0004\000\040\000M\000e\000m\000b\000e\000r\000\040\000D\000a\000t\000a\000\040\000D\000o\000c\000u\000m\000e\000n\000t\000a\000t\000i\000o\000n}{section.5.2}% 93
\BOOKMARK [3][-]{subsubsection.5.2.4.1}{\376\377\0005\000.\0002\000.\0004\000.\0001\000\040\000c\000o\000n\000f\000i\000g}{subsection.5.2.4}% 94
\BOOKMARK [3][-]{subsubsection.5.2.4.2}{\376\377\0005\000.\0002\000.\0004\000.\0002\000\040\000h\000a\000n\000d\000l\000e}{subsection.5.2.4}% 95
\BOOKMARK [3][-]{subsubsection.5.2.4.3}{\376\377\0005\000.\0002\000.\0004\000.\0003\000\040\000k\000n\000o\000w\000n\000\137\000p\000e\000e\000r\000s}{subsection.5.2.4}% 96
\BOOKMARK [3][-]{subsubsection.5.2.4.4}{\376\377\0005\000.\0002\000.\0004\000.\0004\000\040\000p\000o\000r\000t}{subsection.5.2.4}% 97
\BOOKMARK [3][-]{subsubsection.5.2.4.5}{\376\377\0005\000.\0002\000.\0004\000.\0005\000\040\000u\000d\000p\000\137\000l\000i\000s\000t\000e\000n\000e\000r\000\137\000t\000h\000r\000e\000a\000d}{subsection.5.2.4}% 98
\BOOKMARK [3][-]{subsubsection.5.2.4.6}{\376\377\0005\000.\0002\000.\0004\000.\0006\000\040\000w\000h\000o\000i\000s\000\137\000p\000o\000r\000t}{subsection.5.2.4}% 99
\BOOKMARK [1][-]{section.5.3}{\376\377\0005\000.\0003\000\040\000p\000e\000e\000r\000.\000P\000e\000e\000r\000\040\000C\000l\000a\000s\000s\000\040\000R\000e\000f\000e\000r\000e\000n\000c\000e}{chapter.5}% 100
\BOOKMARK [2][-]{subsection.5.3.1}{\376\377\0005\000.\0003\000.\0001\000\040\000D\000e\000t\000a\000i\000l\000e\000d\000\040\000D\000e\000s\000c\000r\000i\000p\000t\000i\000o\000n}{section.5.3}% 101
\BOOKMARK [2][-]{subsection.5.3.2}{\376\377\0005\000.\0003\000.\0002\000\040\000C\000o\000n\000s\000t\000r\000u\000c\000t\000o\000r\000\040\000\046\000\040\000D\000e\000s\000t\000r\000u\000c\000t\000o\000r\000\040\000D\000o\000c\000u\000m\000e\000n\000t\000a\000t\000i\000o\000n}{section.5.3}% 102
\BOOKMARK [3][-]{subsubsection.5.3.2.1}{\376\377\0005\000.\0003\000.\0002\000.\0001\000\040\000\137\000\137\000i\000n\000i\000t\000\137\000\137\000\050\000\051}{subsection.5.3.2}% 103
\BOOKMARK [2][-]{subsection.5.3.3}{\376\377\0005\000.\0003\000.\0003\000\040\000M\000e\000m\000b\000e\000r\000\040\000F\000u\000n\000c\000t\000i\000o\000n\000\040\000D\000o\000c\000u\000m\000e\000n\000t\000a\000t\000i\000o\000n}{section.5.3}% 104
\BOOKMARK [3][-]{subsubsection.5.3.3.1}{\376\377\0005\000.\0003\000.\0003\000.\0001\000\040\000\137\000\137\000e\000q\000\137\000\137\000\050\000\051}{subsection.5.3.3}% 105
\BOOKMARK [3][-]{subsubsection.5.3.3.2}{\376\377\0005\000.\0003\000.\0003\000.\0002\000\040\000\137\000\137\000h\000a\000s\000h\000\137\000\137\000\050\000\051}{subsection.5.3.3}% 106
\BOOKMARK [3][-]{subsubsection.5.3.3.3}{\376\377\0005\000.\0003\000.\0003\000.\0003\000\040\000\137\000\137\000r\000e\000p\000r\000\137\000\137\000\050\000\051}{subsection.5.3.3}% 107
\BOOKMARK [3][-]{subsubsection.5.3.3.4}{\376\377\0005\000.\0003\000.\0003\000.\0004\000\040\000g\000e\000t\000\137\000a\000d\000d\000r\000e\000s\000s\000\050\000\051}{subsection.5.3.3}% 108
\BOOKMARK [2][-]{subsection.5.3.4}{\376\377\0005\000.\0003\000.\0004\000\040\000M\000e\000m\000b\000e\000r\000\040\000D\000a\000t\000a\000\040\000D\000o\000c\000u\000m\000e\000n\000t\000a\000t\000i\000o\000n}{section.5.3}% 109
\BOOKMARK [3][-]{subsubsection.5.3.4.1}{\376\377\0005\000.\0003\000.\0004\000.\0001\000\040\000h\000a\000n\000d\000l\000e}{subsection.5.3.4}% 110
\BOOKMARK [3][-]{subsubsection.5.3.4.2}{\376\377\0005\000.\0003\000.\0004\000.\0002\000\040\000i\000p}{subsection.5.3.4}% 111
\BOOKMARK [3][-]{subsubsection.5.3.4.3}{\376\377\0005\000.\0003\000.\0004\000.\0003\000\040\000p\000o\000r\000t}{subsection.5.3.4}% 112
\BOOKMARK [0][-]{chapter.6}{\376\377\0006\000\040\000F\000i\000l\000e\000\040\000D\000o\000c\000u\000m\000e\000n\000t\000a\000t\000i\000o\000n}{}% 113
\BOOKMARK [1][-]{section.6.1}{\376\377\0006\000.\0001\000\040\000c\000o\000m\000m\000o\000n\000.\000p\000y\000\040\000F\000i\000l\000e\000\040\000R\000e\000f\000e\000r\000e\000n\000c\000e}{chapter.6}% 114
\BOOKMARK [1][-]{section.6.2}{\376\377\0006\000.\0002\000\040\000c\000o\000n\000f\000i\000g\000.\000t\000o\000m\000l\000\040\000F\000i\000l\000e\000\040\000R\000e\000f\000e\000r\000e\000n\000c\000e}{chapter.6}% 115
\BOOKMARK [1][-]{section.6.3}{\376\377\0006\000.\0003\000\040\000d\000i\000s\000c\000o\000v\000e\000r\000y\000.\000p\000y\000\040\000F\000i\000l\000e\000\040\000R\000e\000f\000e\000r\000e\000n\000c\000e}{chapter.6}% 116
\BOOKMARK [1][-]{section.6.4}{\376\377\0006\000.\0004\000\040\000n\000e\000t\000w\000o\000r\000k\000.\000p\000y\000\040\000F\000i\000l\000e\000\040\000R\000e\000f\000e\000r\000e\000n\000c\000e}{chapter.6}% 117
\BOOKMARK [1][-]{section.6.5}{\376\377\0006\000.\0005\000\040\000p\000e\000e\000r\000.\000p\000y\000\040\000F\000i\000l\000e\000\040\000R\000e\000f\000e\000r\000e\000n\000c\000e}{chapter.6}% 118
\BOOKMARK [1][-]{section.6.6}{\376\377\0006\000.\0006\000\040\000u\000i\000.\000p\000y\000\040\000F\000i\000l\000e\000\040\000R\000e\000f\000e\000r\000e\000n\000c\000e}{chapter.6}% 119
\BOOKMARK [0][-]{section*.33}{\376\377\000I\000n\000d\000e\000x}{}% 120
